PATTERN NUM: 3
=================================INPUT================================
ic| opt: 1
ic| img11: array([ -35.39693 , -211.57132 , -157.83235 ,  186.20631 ,  -14.73672 ,
                   190.61244 , -134.776   ,  -67.19706 , -114.78488 ,  222.27675 ,
                    13.504452,   84.17992 ,  -17.251543,  -48.780117,    8.317959,
                    85.89045 ], dtype=float32)
ic| img12: array([  86.016594,   58.97037 ,  -14.445577,  184.78362 ,   39.49525 ,
                  -240.46103 ,  204.2846  , -200.71494 ,  247.40974 ,  187.47676 ,
                   -14.98313 ,  144.59727 ,  151.60944 , -249.99161 ,  242.58687 ,
                   121.56083 ], dtype=float32)
ic| img13: array([ -69.33083  ,    7.4929023,  142.82663  , -125.90664  ,
                  -147.24603  , -117.874466 ,   24.463362 , -248.28616  ,
                   149.40031  ,  140.59904  , -176.7635   , -177.40211  ,
                  -131.60417  ,  -46.183125 ,  247.46785  ,  -77.88458  ],
                 dtype=float32)
ic| ker1: array([-0.3276851 ,  0.3917881 ,  0.3838265 , -0.01599289, -0.41824374,
                  0.28474045,  0.39943233,  0.14160687, -0.46612728], dtype=float32)
ic| ker2: array([-0.47511104,  0.36244327,  0.16877258,  0.43805197,  0.3691243 ,
                 -0.35199708, -0.1009384 ,  0.02135946,  0.36619493], dtype=float32)
ic| ker3: array([ 0.24059227,  0.06284631, -0.10293887,  0.20627736,  0.13047962,
                  0.14653952, -0.30219835, -0.28867844,  0.47992173], dtype=float32)
ic| weight: array([-0.44159305,  0.4373615 , -0.39612198,  0.24092959], dtype=float32)
ic| hex2_fp_numpy(img11): array(['c20d9675', 'c3539242', 'c31dd515', '433a34d1', 'c16bc99b',
                                 '433e9cc9', 'c306c6a8', 'c28664e5', 'c2e591dc', '435e46d9',
                                 '4158123c', '42a85c1e', 'c18a0329', 'c2431ed7', '4105165c',
                                 '42abc7e9'], dtype='<U8')
ic| hex2_fp_numpy(img12): array(['42ac087f', '426be1a9', 'c1672115', '4338c89b', '421dfb23',
                                 'c3707606', '434c48dc', 'c348b706', '437768e5', '433b7a0d',
                                 'c16fbae7', '431098e7', '43179c04', 'c379fdda', '4372963d',
                                 '42f31f25'], dtype='<U8')
ic| hex2_fp_numpy(img13): array(['c28aa963', '40efc5db', '430ed39e', 'c2fbd033', 'c3133efc',
                                 'c2ebbfba', '41c3b4f7', 'c3784942', '4315667b', '430c995b',
                                 'c330c375', 'c33166f1', 'c3039aab', 'c238bb85', '437777c5',
                                 'c29bc4e8'], dtype='<U8')
ic| hex2_fp_numpy(ker1): array(['bea7c657', '3ec89873', '3ec484e8', 'bc830384', 'bed6240b',
                                '3e91c980', '3ecc8265', '3e110164', 'beeea83c'], dtype='<U8')
ic| hex2_fp_numpy(ker2): array(['bef341c1', '3eb9922a', '3e2cd2b8', '3ee04859', '3ebcfddc',
                                'beb438f6', 'bdceb8cb', '3caefa09', '3ebb7de7'], dtype='<U8')
ic| hex2_fp_numpy(ker3): array(['3e765dd2', '3d80b591', 'bdd2d19d', '3e533a5f', '3e059c73',
                                '3e160e75', 'be9ab9be', 'be93cda9', '3ef5b84d'], dtype='<U8')
ic| hex2_fp_numpy(weight): array(['bee2187c', '3edfedd9', 'becad080', '3e76b63f'], dtype='<U8')
=================================Intermediate Values================================
ic| conv11: array([-225.17079  ,   -3.8306046,  289.7533   ,  141.78162  ,
                   -188.51381  , -270.40295  ,  164.60818  ,  185.34616  ,
                    198.7564   ,  -77.18242  , -184.63242  ,  -43.959946 ,
                     84.9632   ,  135.25272  ,  -71.82008  ,   24.71554  ],
                  dtype=float32)
    conv12: array([ -42.264168 ,  108.28519  ,  -91.475815 ,    3.4520416,
                    165.74692  , -191.75415  ,   72.363434 ,  248.6245   ,
                    -14.931641 ,  179.60529  ,  255.03842  , -185.14255  ,
                    110.5271   ,  -95.19001  ,  -57.92218  ,  214.9038   ],
                  dtype=float32)
    conv13: array([ -13.624847,   66.9599  ,  -65.12767 ,  -20.881592, -109.468994,
                   -243.64995 , -110.367165,   -4.832199,   93.966225,  149.77574 ,
                   -116.182686, -159.44525 ,   35.37201 ,  237.93526 ,  -42.53118 ,
                    -95.623215], dtype=float32)
ic| conv11_h: array(['c3612bb9', 'c07528a0', '4390e06c', '430dc818', 'c33c8389',
                     'c3873394', '43249bb2', '4339589e', '4346c1a3', 'c29a5d66',
                     'c338a1e6', 'c22fd6fc', '42a9ed29', '430740b2', 'c28fa3e2',
                     '41c5b96d'], dtype='<U8')
    conv12_h: array(['c2290e82', '42d89204', 'c2b6f39e', '405cee40', '4325bf36',
                     'c33fc110', '4290ba14', '43789fdf', 'c16ee800', '43339af4',
                     '437f09d6', 'c339247e', '42dd0de0', 'c2be6149', 'c267b050',
                     '4356e75f'], dtype='<U8')
    conv13_h: array(['c159ff60', '4285eb78', 'c282415e', 'c1a70d80', 'c2daf020',
                     'c373a663', 'c2dcbbfd', 'c09aa160', '42bbeeb5', '4315c697',
                     'c2e85d89', 'c31f71fc', '420d7cf0', '436def6d', 'c22a1fee',
                     'c2bf3f16'], dtype='<U8')
ic| fmap1: array([-281.0598  ,  171.41449 ,  133.14981 ,  124.352066, -132.23589 ,
                  -705.80707 ,  126.604454,  429.13843 ,  277.791   ,  252.19861 ,
                   -45.77668 , -388.54773 ,  230.8623  ,  277.99796 , -172.27344 ,
                   143.99612 ], dtype=float32)
ic| fmap1_h: array(['c38c87a8', '432b6a1c', '4305265a', '42f8b442', 'c3043c63',
                    'c43073a7', '42fd357b', '43d691b8', '438ae53f', '437c32d8',
                    'c2371b52', 'c3c2461c', '4366dcc0', '438affbd', 'c32c4600',
                    '430fff02'], dtype='<U8')
ic| pool1: array([171.41449, 429.13843, 277.99796, 143.99612], dtype=float32)
ic| pool1_h: array(['432b6a1c', '43d691b8', '438affbd', '430fff02'], dtype='<U8')
ic| fc1: array([[-245.68661],
                [ 178.36224],
                [-179.802  ],
                [ 156.27853]], dtype=float32)
ic| fc1_h: array([['c375afc6'],
                  ['43325cbc'],
                  ['c333cd50'],
                  ['431c474e']], dtype='<U8')
ic| norm1: array([[0.        ],
                  [1.        ],
                  [0.15537034],
                  [0.94792175]], dtype=float32)
ic| norm1_h: array([['0'],
                    ['3f800000'],
                    ['3e1f1967'],
                    ['3f72ab00']], dtype='<U8')
=================================Output================================
ic| vect1: array([[0.        ],
                  [0.7615942 ],
                  [0.15413217],
                  [0.73884076]], dtype=float32)
ic| vect1_h: array([['0'],
                    ['3f42f7d6'],
                    ['3e1dd4d3'],
                    ['3f3d24ab']], dtype='<U8')
