PATTERN NUM: 1
=================================INPUT================================
ic| opt: 1
ic| img11: array([1., 1., 1., 1., 1., 1., 1., 1., 1., 1., 1., 1., 1., 1., 1., 1.],
                 dtype=float32)
ic| img12: array([2., 2., 2., 2., 2., 2., 2., 2., 2., 2., 2., 2., 2., 2., 2., 2.],
                 dtype=float32)
ic| img13: array([-1., -1., -1., -1., -1., -1., -1., -1., -1., -1., -1., -1., -1.,
                  -1., -1., -1.], dtype=float32)
ic| ker1: array([0.1, 0.5, 0.1, 0.5, 0.1, 0.1, 0.1, 0.1, 0.1], dtype=float32)
ic| ker2: array([0.5, 0.1, 0.5, 0.1, 0.5, 0.5, 0.5, 0.1, 0.1], dtype=float32)
ic| ker3: array([0.1, 0.1, 0.5, 0.1, 0.1, 0.5, 0.1, 0.5, 0.1], dtype=float32)
ic| weight: array([0.1, 0.1, 0.1, 0.5], dtype=float32)
ic| hex2_fp_numpy(img11): array(['3f800000', '3f800000', '3f800000', '3f800000', '3f800000',
                                 '3f800000', '3f800000', '3f800000', '3f800000', '3f800000',
                                 '3f800000', '3f800000', '3f800000', '3f800000', '3f800000',
                                 '3f800000'], dtype='<U8')
ic| hex2_fp_numpy(img12): array(['40000000', '40000000', '40000000', '40000000', '40000000',
                                 '40000000', '40000000', '40000000', '40000000', '40000000',
                                 '40000000', '40000000', '40000000', '40000000', '40000000',
                                 '40000000'], dtype='<U8')
ic| hex2_fp_numpy(img13): array(['bf800000', 'bf800000', 'bf800000', 'bf800000', 'bf800000',
                                 'bf800000', 'bf800000', 'bf800000', 'bf800000', 'bf800000',
                                 'bf800000', 'bf800000', 'bf800000', 'bf800000', 'bf800000',
                                 'bf800000'], dtype='<U8')
ic| hex2_fp_numpy(ker1): array(['3dcccccd', '3f000000', '3dcccccd', '3f000000', '3dcccccd',
                                '3dcccccd', '3dcccccd', '3dcccccd', '3dcccccd'], dtype='<U8')
ic| hex2_fp_numpy(ker2): array(['3f000000', '3dcccccd', '3f000000', '3dcccccd', '3f000000',
                                '3f000000', '3f000000', '3dcccccd', '3dcccccd'], dtype='<U8')
ic| hex2_fp_numpy(ker3): array(['3dcccccd', '3dcccccd', '3f000000', '3dcccccd', '3dcccccd',
                                '3f000000', '3dcccccd', '3f000000', '3dcccccd'], dtype='<U8')
ic| hex2_fp_numpy(weight): array(['3dcccccd', '3dcccccd', '3dcccccd', '3f000000'], dtype='<U8')
=================================Intermediate Values================================
ic| pad11: array([[0., 0., 0., 0., 0., 0.],
                  [0., 1., 1., 1., 1., 0.],
                  [0., 1., 1., 1., 1., 0.],
                  [0., 1., 1., 1., 1., 0.],
                  [0., 1., 1., 1., 1., 0.],
                  [0., 0., 0., 0., 0., 0.]], dtype=float32)
    pad12: array([[0., 0., 0., 0., 0., 0.],
                  [0., 2., 2., 2., 2., 0.],
                  [0., 2., 2., 2., 2., 0.],
                  [0., 2., 2., 2., 2., 0.],
                  [0., 2., 2., 2., 2., 0.],
                  [0., 0., 0., 0., 0., 0.]], dtype=float32)
    pad13: array([[ 0.,  0.,  0.,  0.,  0.,  0.],
                  [ 0., -1., -1., -1., -1.,  0.],
                  [ 0., -1., -1., -1., -1.,  0.],
                  [ 0., -1., -1., -1., -1.,  0.],
                  [ 0., -1., -1., -1., -1.,  0.],
                  [ 0.,  0.,  0.,  0.,  0.,  0.]], dtype=float32)
ic| conv11: array([0.4      , 1.       , 1.       , 0.8      , 1.       , 1.7      ,
                   1.7      , 1.4000001, 1.       , 1.7      , 1.7      , 1.4000001,
                   0.8      , 1.4000001, 1.4000001, 1.2      ], dtype=float32)
    conv12: array([2.4      , 3.6000001, 3.6000001, 2.4      , 3.6000001, 5.8      ,
                   5.8      , 3.6000001, 3.6000001, 5.8      , 5.8      , 3.6000001,
                   3.2      , 4.4      , 4.4      , 2.4      ], dtype=float32)
    conv13: array([-1.2      , -1.4000001, -1.4000001, -0.8      , -1.8000001,
                   -2.1      , -2.1      , -1.       , -1.8000001, -2.1      ,
                   -2.1      , -1.       , -1.2      , -1.4      , -1.4      ,
                   -0.4      ], dtype=float32)
ic| conv11_h: array(['3ecccccd', '3f800000', '3f800000', '3f4ccccd', '3f800000',
                     '3fd9999a', '3fd9999a', '3fb33334', '3f800000', '3fd9999a',
                     '3fd9999a', '3fb33334', '3f4ccccd', '3fb33334', '3fb33334',
                     '3f99999a'], dtype='<U8')
    conv12_h: array(['4019999a', '40666667', '40666667', '4019999a', '40666667',
                     '40b9999a', '40b9999a', '40666667', '40666667', '40b9999a',
                     '40b9999a', '40666667', '404ccccd', '408ccccd', '408ccccd',
                     '4019999a'], dtype='<U8')
    conv13_h: array(['bf99999a', 'bfb33334', 'bfb33334', 'bf4ccccd', 'bfe66667',
                     'c0066666', 'c0066666', 'bf800000', 'bfe66667', 'c0066666',
                     'c0066666', 'bf800000', 'bf99999a', 'bfb33333', 'bfb33333',
                     'becccccd'], dtype='<U8')
ic| fmap1: array([1.6000001, 3.2000003, 3.2000003, 2.4      , 2.8000002, 5.4      ,
                  5.4      , 4.       , 2.8000002, 5.4      , 5.4      , 4.       ,
                  2.8      , 4.4      , 4.4      , 3.2      ], dtype=float32)
ic| fmap1_h: array(['3fccccce', '404cccce', '404cccce', '4019999a', '40333334',
                    '40accccd', '40accccd', '40800000', '40333334', '40accccd',
                    '40accccd', '40800000', '40333333', '408ccccd', '408ccccd',
                    '404ccccd'], dtype='<U8')
ic| pool1: array([5.4, 5.4, 5.4, 5.4], dtype=float32)
ic| pool1_h: array(['40accccd', '40accccd', '40accccd', '40accccd'], dtype='<U8')
ic| fc1: array([[1.08],
                [3.24],
                [1.08],
                [3.24]], dtype=float32)
ic| fc1_h: array([['3f8a3d71'],
                  ['404f5c29'],
                  ['3f8a3d71'],
                  ['404f5c29']], dtype='<U8')
ic| norm1: array([[0.],
                  [1.],
                  [0.],
                  [1.]], dtype=float32)
ic| norm1_h: array([['0'],
                    ['3f800000'],
                    ['0'],
                    ['3f800000']], dtype='<U8')
=================================Output================================
ic| vect1: array([[0.       ],
                  [0.7615942],
                  [0.       ],
                  [0.7615942]], dtype=float32)
ic| vect1_h: array([['0'],
                    ['3f42f7d6'],
                    ['0'],
                    ['3f42f7d6']], dtype='<U8')
